<?xml version="1.0" encoding="UTF-8"?>
<!-- Generated by org.testng.reporters.JUnitXMLReporter -->
<testsuite ignored="0" hostname="DESKTOP-TUH9DU6" failures="0" tests="4" name="Test" time="0.108" errors="0" timestamp="2022-08-18T11:20:43 IST">
  <testcase classname="testNG.TestNgProgram" name="uvt" time="0.009"/>
  <testcase classname="testNG.TestNgProgram" name="xef" time="0.003"/>
  <testcase classname="testNG.TestNgProgram2" name="abc" time="0.004"/>
  <testcase classname="testNG.TestNgProgram2" name="efg" time="0.002"/>
</testsuite> <!-- Test -->
