<?xml version="1.0" encoding="UTF-8"?>
<testng-results ignored="0" total="2" passed="2" failed="0" skipped="0">
  <reporter-output>
  </reporter-output>
  <suite started-at="2022-08-25T13:50:32 IST" name="Suite" finished-at="2022-08-25T13:51:20 IST" duration-ms="47960">
    <groups>
    </groups>
    <test started-at="2022-08-25T13:50:32 IST" name="Test2" finished-at="2022-08-25T13:51:20 IST" duration-ms="47789">
      <class name="testNG.Flipkartlogin">
        <test-method is-config="true" signature="beforeclass(java.lang.String)[pri:0, instance:testNG.Flipkartlogin@489115ef]" started-at="2022-08-25T13:50:32 IST" name="beforeclass" finished-at="2022-08-25T13:50:37 IST" duration-ms="4939" status="PASS">
          <params>
            <param index="0">
              <value>
                <![CDATA[chrome]]>
              </value>
            </param>
          </params>
          <reporter-output>
          </reporter-output>
        </test-method> <!-- beforeclass -->
        <test-method is-config="true" signature="beforemethod(java.lang.String)[pri:0, instance:testNG.Flipkartlogin@489115ef]" started-at="2022-08-25T13:50:37 IST" name="beforemethod" finished-at="2022-08-25T13:51:01 IST" duration-ms="24249" status="PASS">
          <params>
            <param index="0">
              <value>
                <![CDATA[https://www.flipkart.com/]]>
              </value>
            </param>
          </params>
          <reporter-output>
          </reporter-output>
        </test-method> <!-- beforemethod -->
        <test-method signature="login1(java.lang.String,java.lang.String)[pri:0, instance:testNG.Flipkartlogin@489115ef]" started-at="2022-08-25T13:51:01 IST" name="login1" data-provider="data" finished-at="2022-08-25T13:51:11 IST" duration-ms="10441" status="PASS">
          <params>
            <param index="0">
              <value>
                <![CDATA[8667550570]]>
              </value>
            </param>
            <param index="1">
              <value>
                <![CDATA[Vikky24740]]>
              </value>
            </param>
          </params>
          <reporter-output>
          </reporter-output>
        </test-method> <!-- login1 -->
        <test-method is-config="true" signature="aftermethod()[pri:0, instance:testNG.Flipkartlogin@489115ef]" started-at="2022-08-25T13:51:11 IST" name="aftermethod" finished-at="2022-08-25T13:51:14 IST" duration-ms="2314" status="PASS">
          <reporter-output>
          </reporter-output>
        </test-method> <!-- aftermethod -->
        <test-method is-config="true" signature="afterclass()[pri:0, instance:testNG.Flipkartlogin@489115ef]" started-at="2022-08-25T13:51:14 IST" name="afterclass" finished-at="2022-08-25T13:51:20 IST" duration-ms="5622" status="PASS">
          <reporter-output>
          </reporter-output>
        </test-method> <!-- afterclass -->
      </class> <!-- testNG.Flipkartlogin -->
    </test> <!-- Test2 -->
    <test started-at="2022-08-25T13:50:32 IST" name="Test1" finished-at="2022-08-25T13:51:20 IST" duration-ms="47960">
      <class name="testNG.HotelAdactin">
        <test-method is-config="true" signature="beforeclass(java.lang.String)[pri:0, instance:testNG.HotelAdactin@5b7a5baa]" started-at="2022-08-25T13:50:32 IST" name="beforeclass" finished-at="2022-08-25T13:50:45 IST" duration-ms="13384" status="PASS">
          <params>
            <param index="0">
              <value>
                <![CDATA[firefox]]>
              </value>
            </param>
          </params>
          <reporter-output>
          </reporter-output>
        </test-method> <!-- beforeclass -->
        <test-method is-config="true" signature="beforemethod(java.lang.String)[pri:0, instance:testNG.HotelAdactin@5b7a5baa]" started-at="2022-08-25T13:50:45 IST" name="beforemethod" finished-at="2022-08-25T13:51:01 IST" duration-ms="15818" status="PASS">
          <params>
            <param index="0">
              <value>
                <![CDATA[http://adactinhotelapp.com/index.php]]>
              </value>
            </param>
          </params>
          <reporter-output>
          </reporter-output>
        </test-method> <!-- beforemethod -->
        <test-method signature="login(java.lang.String,java.lang.String)[pri:0, instance:testNG.HotelAdactin@5b7a5baa]" started-at="2022-08-25T13:51:01 IST" name="login" data-provider="data" finished-at="2022-08-25T13:51:12 IST" duration-ms="10876" status="PASS">
          <params>
            <param index="0">
              <value>
                <![CDATA[Vignesh9694]]>
              </value>
            </param>
            <param index="1">
              <value>
                <![CDATA[WW40NP]]>
              </value>
            </param>
          </params>
          <reporter-output>
          </reporter-output>
        </test-method> <!-- login -->
        <test-method is-config="true" signature="aftermethod()[pri:0, instance:testNG.HotelAdactin@5b7a5baa]" started-at="2022-08-25T13:51:12 IST" name="aftermethod" finished-at="2022-08-25T13:51:20 IST" duration-ms="7764" status="FAIL">
          <exception class="org.openqa.selenium.NoSuchSessionException">
            <message>
              <![CDATA[Tried to run command without establishing a connection
Build info: version: '4.3.0', revision: 'a4995e2c09*'
System info: host: 'DESKTOP-TUH9DU6', ip: '192.168.233.78', os.name: 'Windows 10', os.arch: 'amd64', os.version: '10.0', java.version: '18.0.1.1'
Driver info: org.openqa.selenium.firefox.FirefoxDriver
Command: [4fa0a6fb-bcd8-40c4-92cd-4d8f94bbc86e, findElement {using=xpath, value=//select[@id='room_nos']}]
Capabilities {acceptInsecureCerts: true, browserName: firefox, browserVersion: 101.0, moz:accessibilityChecks: false, moz:buildID: 20220526203855, moz:debuggerAddress: localhost:55760, moz:geckodriverVersion: 0.31.0, moz:headless: false, moz:processID: 10604, moz:profile: C:\Users\SATHISH\AppData\Lo..., moz:shutdownTimeout: 60000, moz:useNonSpecCompliantPointerOrigin: false, moz:webdriverClick: true, pageLoadStrategy: normal, platformName: WINDOWS, platformVersion: 10.0, proxy: Proxy(), se:cdp: ws://localhost:55760/devtoo..., se:cdpVersion: 85.0, setWindowRect: true, strictFileInteractability: false, timeouts: {implicit: 0, pageLoad: 300000, script: 30000}, unhandledPromptBehavior: dismiss and notify}
Session ID: 4fa0a6fb-bcd8-40c4-92cd-4d8f94bbc86e]]>
            </message>
            <full-stacktrace>
              <![CDATA[org.openqa.selenium.NoSuchSessionException: Tried to run command without establishing a connection
Build info: version: '4.3.0', revision: 'a4995e2c09*'
System info: host: 'DESKTOP-TUH9DU6', ip: '192.168.233.78', os.name: 'Windows 10', os.arch: 'amd64', os.version: '10.0', java.version: '18.0.1.1'
Driver info: org.openqa.selenium.firefox.FirefoxDriver
Command: [4fa0a6fb-bcd8-40c4-92cd-4d8f94bbc86e, findElement {using=xpath, value=//select[@id='room_nos']}]
Capabilities {acceptInsecureCerts: true, browserName: firefox, browserVersion: 101.0, moz:accessibilityChecks: false, moz:buildID: 20220526203855, moz:debuggerAddress: localhost:55760, moz:geckodriverVersion: 0.31.0, moz:headless: false, moz:processID: 10604, moz:profile: C:\Users\SATHISH\AppData\Lo..., moz:shutdownTimeout: 60000, moz:useNonSpecCompliantPointerOrigin: false, moz:webdriverClick: true, pageLoadStrategy: normal, platformName: WINDOWS, platformVersion: 10.0, proxy: Proxy(), se:cdp: ws://localhost:55760/devtoo..., se:cdpVersion: 85.0, setWindowRect: true, strictFileInteractability: false, timeouts: {implicit: 0, pageLoad: 300000, script: 30000}, unhandledPromptBehavior: dismiss and notify}
Session ID: 4fa0a6fb-bcd8-40c4-92cd-4d8f94bbc86e
at java.base/jdk.internal.reflect.DirectConstructorHandleAccessor.newInstance(DirectConstructorHandleAccessor.java:67)
at java.base/java.lang.reflect.Constructor.newInstanceWithCaller(Constructor.java:499)
at java.base/java.lang.reflect.Constructor.newInstance(Constructor.java:483)
at org.openqa.selenium.remote.codec.w3c.W3CHttpResponseCodec.createException(W3CHttpResponseCodec.java:200)
at org.openqa.selenium.remote.codec.w3c.W3CHttpResponseCodec.decode(W3CHttpResponseCodec.java:133)
at org.openqa.selenium.remote.codec.w3c.W3CHttpResponseCodec.decode(W3CHttpResponseCodec.java:53)
at org.openqa.selenium.remote.HttpCommandExecutor.execute(HttpCommandExecutor.java:184)
at org.openqa.selenium.remote.service.DriverCommandExecutor.invokeExecute(DriverCommandExecutor.java:167)
at org.openqa.selenium.remote.service.DriverCommandExecutor.execute(DriverCommandExecutor.java:142)
at org.openqa.selenium.remote.RemoteWebDriver.execute(RemoteWebDriver.java:569)
at org.openqa.selenium.remote.ElementLocation$ElementFinder$2.findElement(ElementLocation.java:162)
at org.openqa.selenium.remote.ElementLocation.findElement(ElementLocation.java:60)
at org.openqa.selenium.remote.RemoteWebDriver.findElement(RemoteWebDriver.java:387)
at org.openqa.selenium.remote.RemoteWebDriver.findElement(RemoteWebDriver.java:379)
at org.openqa.selenium.support.pagefactory.DefaultElementLocator.findElement(DefaultElementLocator.java:70)
at org.openqa.selenium.support.pagefactory.internal.LocatingElementHandler.invoke(LocatingElementHandler.java:39)
at jdk.proxy2/jdk.proxy2.$Proxy21.getTagName(Unknown Source)
at org.openqa.selenium.support.ui.Select.<init>(Select.java:46)
at com.datadriven.base.BaseClass.dropdown(BaseClass.java:130)
at testNG.HotelAdactin.aftermethod(HotelAdactin.java:63)
at java.base/jdk.internal.reflect.DirectMethodHandleAccessor.invoke(DirectMethodHandleAccessor.java:104)
at java.base/java.lang.reflect.Method.invoke(Method.java:577)
at org.testng.internal.invokers.MethodInvocationHelper.invokeMethod(MethodInvocationHelper.java:139)
at org.testng.internal.invokers.MethodInvocationHelper.invokeMethodConsideringTimeout(MethodInvocationHelper.java:69)
at org.testng.internal.invokers.ConfigInvoker.invokeConfigurationMethod(ConfigInvoker.java:361)
at org.testng.internal.invokers.ConfigInvoker.invokeConfigurations(ConfigInvoker.java:296)
at org.testng.internal.invokers.TestInvoker.runConfigMethods(TestInvoker.java:816)
at org.testng.internal.invokers.TestInvoker.runAfterConfigurations(TestInvoker.java:785)
at org.testng.internal.invokers.TestInvoker.invokeMethod(TestInvoker.java:761)
at org.testng.internal.invokers.TestInvoker.invokeTestMethod(TestInvoker.java:221)
at org.testng.internal.invokers.MethodRunner.runInSequence(MethodRunner.java:50)
at org.testng.internal.invokers.TestInvoker$MethodInvocationAgent.invoke(TestInvoker.java:962)
at org.testng.internal.invokers.TestInvoker.invokeTestMethods(TestInvoker.java:194)
at org.testng.internal.invokers.TestMethodWorker.invokeTestMethods(TestMethodWorker.java:148)
at org.testng.internal.invokers.TestMethodWorker.run(TestMethodWorker.java:128)
at java.base/java.util.ArrayList.forEach(ArrayList.java:1511)
at org.testng.TestRunner.privateRun(TestRunner.java:806)
at org.testng.TestRunner.run(TestRunner.java:601)
at org.testng.SuiteRunner.runTest(SuiteRunner.java:433)
at org.testng.SuiteRunner$SuiteWorker.run(SuiteRunner.java:471)
at org.testng.internal.thread.ThreadUtil.lambda$execute$0(ThreadUtil.java:58)
at java.base/java.util.concurrent.FutureTask.run(FutureTask.java:264)
at java.base/java.util.concurrent.ThreadPoolExecutor.runWorker(ThreadPoolExecutor.java:1136)
at java.base/java.util.concurrent.ThreadPoolExecutor$Worker.run(ThreadPoolExecutor.java:635)
at java.base/java.lang.Thread.run(Thread.java:833)
]]>
            </full-stacktrace>
          </exception> <!-- org.openqa.selenium.NoSuchSessionException -->
          <reporter-output>
          </reporter-output>
        </test-method> <!-- aftermethod -->
        <test-method is-config="true" signature="afterclass()[pri:0, instance:testNG.HotelAdactin@5b7a5baa]" started-at="2022-08-25T13:51:20 IST" name="afterclass" finished-at="2022-08-25T13:51:20 IST" duration-ms="0" status="SKIP">
          <reporter-output>
          </reporter-output>
        </test-method> <!-- afterclass -->
        <test-method is-config="true" signature="aftertest()[pri:0, instance:testNG.HotelAdactin@5b7a5baa]" started-at="2022-08-25T13:51:20 IST" name="aftertest" finished-at="2022-08-25T13:51:20 IST" duration-ms="0" status="SKIP">
          <reporter-output>
          </reporter-output>
        </test-method> <!-- aftertest -->
      </class> <!-- testNG.HotelAdactin -->
    </test> <!-- Test1 -->
  </suite> <!-- Suite -->
</testng-results>
